<?xml version="1.0" encoding="UTF-8"?>
<!-- Generated by org.testng.reporters.JUnitReportReporter -->
<testsuite hostname="LAPTOP-0NBL84CE" failures="0" tests="4" name="WK_ToDoChallenge.WK_ToDoChallenge.VerifyPostiveTests" time="1.680" errors="0" timestamp="2022-07-03T18:59:06 EET" skipped="0">
  <testcase classname="WK_ToDoChallenge.WK_ToDoChallenge.VerifyPostiveTests" name="VerifyAddingNewItemTest" time="0.250"/>
  <system-out/>
  <testcase classname="WK_ToDoChallenge.WK_ToDoChallenge.VerifyPostiveTests" name="VerifyThatItemsCountIncreaseTest" time="0.505"/>
  <system-out/>
  <testcase classname="WK_ToDoChallenge.WK_ToDoChallenge.VerifyPostiveTests" name="VerifyRemovingNewItemTest" time="0.412"/>
  <system-out/>
  <testcase classname="WK_ToDoChallenge.WK_ToDoChallenge.VerifyPostiveTests" name="DeleteAllTest" time="0.513"/>
  <system-out/>
</testsuite> <!-- WK_ToDoChallenge.WK_ToDoChallenge.VerifyPostiveTests -->
