<?xml version="1.0" encoding="UTF-8"?>
<!-- Generated by org.testng.reporters.JUnitReportReporter -->
<testsuite hostname="LAPTOP-0NBL84CE" failures="0" tests="4" name="WK_ToDoChallenge.WK_ToDoChallenge.VerifyPostiveTests" time="1.744" errors="0" timestamp="2022-07-03T18:36:28 EET" skipped="0">
  <testcase classname="WK_ToDoChallenge.WK_ToDoChallenge.VerifyPostiveTests" name="DeleteAllTest" time="0.553"/>
  <system-out/>
  <testcase classname="WK_ToDoChallenge.WK_ToDoChallenge.VerifyPostiveTests" name="VerifyAddingNewItemTest" time="0.270"/>
  <system-out/>
  <testcase classname="WK_ToDoChallenge.WK_ToDoChallenge.VerifyPostiveTests" name="VerifyThatItemsCountIncreaseTest" time="0.493"/>
  <system-out/>
  <testcase classname="WK_ToDoChallenge.WK_ToDoChallenge.VerifyPostiveTests" name="VerifyRemovingNewItemTest" time="0.428"/>
  <system-out/>
</testsuite> <!-- WK_ToDoChallenge.WK_ToDoChallenge.VerifyPostiveTests -->
