<?xml version="1.0" encoding="UTF-8"?>
<!-- Generated by org.testng.reporters.JUnitReportReporter -->
<testsuite hostname="LAPTOP-0NBL84CE" failures="0" tests="1" name="WK_ToDoChallenge.WK_ToDoChallenge.VerifyAddingNewItemTest" time="0.894" errors="0" timestamp="2022-07-03T00:56:39 EET" skipped="0">
  <testcase classname="WK_ToDoChallenge.WK_ToDoChallenge.VerifyAddingNewItemTest" name="VerifyAddingNewItem" time="0.894"/>
  <system-out/>
</testsuite> <!-- WK_ToDoChallenge.WK_ToDoChallenge.VerifyAddingNewItemTest -->
