<?xml version="1.0" encoding="UTF-8"?>
<!-- Generated by org.testng.reporters.JUnitReportReporter -->
<testsuite hostname="LAPTOP-0NBL84CE" failures="0" tests="4" name="WK_ToDoChallenge.WK_ToDoChallenge.VerifyNegativeTests" time="1.241" errors="0" timestamp="2022-07-03T18:59:06 EET" skipped="0">
  <testcase classname="WK_ToDoChallenge.WK_ToDoChallenge.VerifyNegativeTests" name="VerifyAddingEmptyItemNotAllowedTest" time="0.111"/>
  <system-out/>
  <testcase classname="WK_ToDoChallenge.WK_ToDoChallenge.VerifyNegativeTests" name="VerifyTrimExtraSpacesTest" time="0.211"/>
  <system-out/>
  <testcase classname="WK_ToDoChallenge.WK_ToDoChallenge.VerifyNegativeTests" name="VerifyEditingAlreadyExisitingItemWithSpacesTest" time="0.785"/>
  <system-out/>
  <testcase classname="WK_ToDoChallenge.WK_ToDoChallenge.VerifyNegativeTests" name="VerifyAddingSpacesOnlyItemNotAllowedTest" time="0.134"/>
  <system-out/>
</testsuite> <!-- WK_ToDoChallenge.WK_ToDoChallenge.VerifyNegativeTests -->
