<?xml version="1.0" encoding="UTF-8"?>
<!-- Generated by org.testng.reporters.JUnitReportReporter -->
<testsuite hostname="LAPTOP-0NBL84CE" failures="0" tests="4" name="WK_ToDoChallenge.WK_ToDoChallenge.VerifyNegativeTests" time="1.267" errors="0" timestamp="2022-07-03T18:36:44 EET" skipped="0">
  <testcase classname="WK_ToDoChallenge.WK_ToDoChallenge.VerifyNegativeTests" name="VerifyAddingSpacesOnlyItemNotAllowedTest" time="0.117"/>
  <system-out/>
  <testcase classname="WK_ToDoChallenge.WK_ToDoChallenge.VerifyNegativeTests" name="VerifyEditingAlreadyExisitingItemWithSpacesTest" time="0.735"/>
  <system-out/>
  <testcase classname="WK_ToDoChallenge.WK_ToDoChallenge.VerifyNegativeTests" name="VerifyTrimExtraSpacesTest" time="0.246"/>
  <system-out/>
  <testcase classname="WK_ToDoChallenge.WK_ToDoChallenge.VerifyNegativeTests" name="VerifyAddingEmptyItemNotAllowedTest" time="0.169"/>
  <system-out/>
</testsuite> <!-- WK_ToDoChallenge.WK_ToDoChallenge.VerifyNegativeTests -->
